<?xml version="1.0" encoding="UTF-8"?>
<testng-results ignored="0" total="6" passed="6" failed="0" skipped="0">
  <reporter-output>
  </reporter-output>
  <suite started-at="2022-10-03T21:16:47Z" name="Default suite" finished-at="2022-10-03T21:16:51Z" duration-ms="3712">
    <groups>
    </groups>
    <test started-at="2022-10-03T21:16:47Z" name="Default test" finished-at="2022-10-03T21:16:51Z" duration-ms="3712">
      <class name="testng.NewTest">
        <test-method is-config="true" signature="setUp()[pri:0, instance:testng.NewTest@d278d2b]" started-at="2022-10-03T21:16:47Z" name="setUp" finished-at="2022-10-03T21:16:49Z" duration-ms="1369" status="PASS">
          <reporter-output>
          </reporter-output>
        </test-method> <!-- setUp -->
        <test-method signature="Test1()[pri:0, instance:testng.NewTest@d278d2b]" started-at="2022-10-03T21:16:49Z" name="Test1" finished-at="2022-10-03T21:16:50Z" duration-ms="834" status="PASS">
          <reporter-output>
          </reporter-output>
        </test-method> <!-- Test1 -->
        <test-method signature="Test2()[pri:0, instance:testng.NewTest@d278d2b]" started-at="2022-10-03T21:16:50Z" name="Test2" finished-at="2022-10-03T21:16:50Z" duration-ms="76" status="PASS">
          <reporter-output>
          </reporter-output>
        </test-method> <!-- Test2 -->
        <test-method signature="Test3()[pri:0, instance:testng.NewTest@d278d2b]" started-at="2022-10-03T21:16:50Z" name="Test3" finished-at="2022-10-03T21:16:50Z" duration-ms="119" status="PASS">
          <reporter-output>
          </reporter-output>
        </test-method> <!-- Test3 -->
        <test-method signature="Test4()[pri:0, instance:testng.NewTest@d278d2b]" started-at="2022-10-03T21:16:50Z" name="Test4" finished-at="2022-10-03T21:16:50Z" duration-ms="56" status="PASS">
          <reporter-output>
          </reporter-output>
        </test-method> <!-- Test4 -->
        <test-method signature="Test5()[pri:0, instance:testng.NewTest@d278d2b]" started-at="2022-10-03T21:16:50Z" name="Test5" finished-at="2022-10-03T21:16:51Z" duration-ms="1181" status="PASS">
          <reporter-output>
          </reporter-output>
        </test-method> <!-- Test5 -->
        <test-method signature="Test6()[pri:0, instance:testng.NewTest@d278d2b]" started-at="2022-10-03T21:16:51Z" name="Test6" finished-at="2022-10-03T21:16:51Z" duration-ms="66" status="PASS">
          <reporter-output>
          </reporter-output>
        </test-method> <!-- Test6 -->
      </class> <!-- testng.NewTest -->
    </test> <!-- Default test -->
  </suite> <!-- Default suite -->
</testng-results>
